C:\Users\roomey\Desktop\c#\KnowledgeTestingSystem\KTS.PL\ClientApp\src\app\components\app.component.js
C:\Users\roomey\Desktop\c#\KnowledgeTestingSystem\KTS.PL\ClientApp\src\app\components\app.component.js.map
C:\Users\roomey\Desktop\c#\KnowledgeTestingSystem\KTS.PL\ClientApp\src\app\services\data.service.js
C:\Users\roomey\Desktop\c#\KnowledgeTestingSystem\KTS.PL\ClientApp\src\app\services\data.service.js.map
C:\Users\roomey\Desktop\c#\KnowledgeTestingSystem\KTS.PL\ClientApp\src\app\models\test.js
C:\Users\roomey\Desktop\c#\KnowledgeTestingSystem\KTS.PL\ClientApp\src\app\models\test.js.map
C:\Users\roomey\Desktop\c#\KnowledgeTestingSystem\KTS.PL\ClientApp\src\app\models\question.js
C:\Users\roomey\Desktop\c#\KnowledgeTestingSystem\KTS.PL\ClientApp\src\app\models\question.js.map
C:\Users\roomey\Desktop\c#\KnowledgeTestingSystem\KTS.PL\ClientApp\src\app\models\answer.js
C:\Users\roomey\Desktop\c#\KnowledgeTestingSystem\KTS.PL\ClientApp\src\app\models\answer.js.map
C:\Users\roomey\Desktop\c#\KnowledgeTestingSystem\KTS.PL\ClientApp\src\app\components\test-start.component.js
C:\Users\roomey\Desktop\c#\KnowledgeTestingSystem\KTS.PL\ClientApp\src\app\components\test-start.component.js.map
C:\Users\roomey\Desktop\c#\KnowledgeTestingSystem\KTS.PL\ClientApp\src\environments\environment.js
C:\Users\roomey\Desktop\c#\KnowledgeTestingSystem\KTS.PL\ClientApp\src\environments\environment.js.map
C:\Users\roomey\Desktop\c#\KnowledgeTestingSystem\KTS.PL\ClientApp\src\app\models\user.js
C:\Users\roomey\Desktop\c#\KnowledgeTestingSystem\KTS.PL\ClientApp\src\app\models\user.js.map
C:\Users\roomey\Desktop\c#\KnowledgeTestingSystem\KTS.PL\ClientApp\src\app\services\auth.service.js
C:\Users\roomey\Desktop\c#\KnowledgeTestingSystem\KTS.PL\ClientApp\src\app\services\auth.service.js.map
C:\Users\roomey\Desktop\c#\KnowledgeTestingSystem\KTS.PL\ClientApp\src\app\components\test-list.component.js
C:\Users\roomey\Desktop\c#\KnowledgeTestingSystem\KTS.PL\ClientApp\src\app\components\test-list.component.js.map
C:\Users\roomey\Desktop\c#\KnowledgeTestingSystem\KTS.PL\ClientApp\src\app\services\user.service.js
C:\Users\roomey\Desktop\c#\KnowledgeTestingSystem\KTS.PL\ClientApp\src\app\services\user.service.js.map
C:\Users\roomey\Desktop\c#\KnowledgeTestingSystem\KTS.PL\ClientApp\src\app\components\registration.component.js
C:\Users\roomey\Desktop\c#\KnowledgeTestingSystem\KTS.PL\ClientApp\src\app\components\registration.component.js.map
C:\Users\roomey\Desktop\c#\KnowledgeTestingSystem\KTS.PL\ClientApp\src\app\services\authentication.service.js
C:\Users\roomey\Desktop\c#\KnowledgeTestingSystem\KTS.PL\ClientApp\src\app\services\authentication.service.js.map
C:\Users\roomey\Desktop\c#\KnowledgeTestingSystem\KTS.PL\ClientApp\src\app\components\login.component.js
C:\Users\roomey\Desktop\c#\KnowledgeTestingSystem\KTS.PL\ClientApp\src\app\components\login.component.js.map
C:\Users\roomey\Desktop\c#\KnowledgeTestingSystem\KTS.PL\ClientApp\src\app\components\login2.component.js
C:\Users\roomey\Desktop\c#\KnowledgeTestingSystem\KTS.PL\ClientApp\src\app\components\login2.component.js.map
C:\Users\roomey\Desktop\c#\KnowledgeTestingSystem\KTS.PL\ClientApp\src\app\app.module.js
C:\Users\roomey\Desktop\c#\KnowledgeTestingSystem\KTS.PL\ClientApp\src\app\app.module.js.map
C:\Users\roomey\Desktop\c#\KnowledgeTestingSystem\KTS.PL\ClientApp\src\main.js
C:\Users\roomey\Desktop\c#\KnowledgeTestingSystem\KTS.PL\ClientApp\src\main.js.map
C:\Users\roomey\Desktop\c#\KnowledgeTestingSystem\KTS.PL\ClientApp\src\polyfills.js
C:\Users\roomey\Desktop\c#\KnowledgeTestingSystem\KTS.PL\ClientApp\src\polyfills.js.map
